2017-07-05 13:40:32,177 INFO o.a.j.u.JMeterUtils: Setting Locale to zh_CN
2017-07-05 13:40:32,220 INFO o.a.j.JMeter: Loading user properties from: D:\jmeter\jmeter3.2\bin\user.properties
2017-07-05 13:40:32,230 INFO o.a.j.JMeter: Loading system properties from: D:\jmeter\jmeter3.2\bin\system.properties
2017-07-05 13:40:32,254 INFO o.a.j.JMeter: Copyright (c) 1998-2017 The Apache Software Foundation
2017-07-05 13:40:32,255 INFO o.a.j.JMeter: Version 3.2 r1790748
2017-07-05 13:40:32,255 INFO o.a.j.JMeter: java.version=1.8.0_131
2017-07-05 13:40:32,255 INFO o.a.j.JMeter: java.vm.name=Java HotSpot(TM) 64-Bit Server VM
2017-07-05 13:40:32,255 INFO o.a.j.JMeter: os.name=Windows 10
2017-07-05 13:40:32,255 INFO o.a.j.JMeter: os.arch=amd64
2017-07-05 13:40:32,255 INFO o.a.j.JMeter: os.version=10.0
2017-07-05 13:40:32,255 INFO o.a.j.JMeter: file.encoding=GBK
2017-07-05 13:40:32,256 INFO o.a.j.JMeter: Max memory     =536870912
2017-07-05 13:40:32,256 INFO o.a.j.JMeter: Available Processors =4
2017-07-05 13:40:32,280 INFO o.a.j.JMeter: Default Locale=中文 (中国)
2017-07-05 13:40:32,280 INFO o.a.j.JMeter: JMeter  Locale=中文 (中国)
2017-07-05 13:40:32,280 INFO o.a.j.JMeter: JMeterHome=D:\jmeter\jmeter3.2
2017-07-05 13:40:32,280 INFO o.a.j.JMeter: user.dir  =F:\prm-interface
2017-07-05 13:40:32,281 INFO o.a.j.JMeter: PWD       =F:\prm-interface
2017-07-05 13:40:32,283 INFO o.a.j.JMeter: IP: 192.168.13.125 Name: DESKTOP-3NSTGEB FullName: DESKTOP-3NSTGEB
2017-07-05 13:40:33,214 INFO o.a.j.g.a.LookAndFeelCommand: Using look and feel: javax.swing.plaf.metal.MetalLookAndFeel [Metal, CrossPlatform]
2017-07-05 13:40:33,360 INFO o.a.j.JMeter: Loaded icon properties from org/apache/jmeter/images/icon.properties
2017-07-05 13:40:34,216 INFO o.a.j.e.u.CompoundVariable: Note: Function class names must contain the string: '.functions.'
2017-07-05 13:40:34,217 INFO o.a.j.e.u.CompoundVariable: Note: Function class names must not contain the string: '.gui.'
2017-07-05 13:40:36,970 WARN o.j.r.PluginManagerMenuItem: Failed to load plugin updates info
java.net.SocketTimeoutException: connect timed out
	at java.net.DualStackPlainSocketImpl.waitForConnect(Native Method) ~[?:1.8.0_131]
	at java.net.DualStackPlainSocketImpl.socketConnect(Unknown Source) ~[?:1.8.0_131]
	at java.net.AbstractPlainSocketImpl.doConnect(Unknown Source) ~[?:1.8.0_131]
	at java.net.AbstractPlainSocketImpl.connectToAddress(Unknown Source) ~[?:1.8.0_131]
	at java.net.AbstractPlainSocketImpl.connect(Unknown Source) ~[?:1.8.0_131]
	at java.net.PlainSocketImpl.connect(Unknown Source) ~[?:1.8.0_131]
	at java.net.SocksSocketImpl.connect(Unknown Source) ~[?:1.8.0_131]
	at java.net.Socket.connect(Unknown Source) ~[?:1.8.0_131]
	at org.apache.http.conn.ssl.SSLSocketFactory.connectSocket(SSLSocketFactory.java:542) ~[httpclient-4.5.3.jar:4.5.3]
	at org.apache.http.conn.ssl.SSLSocketFactory.connectSocket(SSLSocketFactory.java:414) ~[httpclient-4.5.3.jar:4.5.3]
	at org.apache.http.impl.conn.DefaultClientConnectionOperator.openConnection(DefaultClientConnectionOperator.java:180) ~[httpclient-4.5.3.jar:4.5.3]
	at org.apache.http.impl.conn.ManagedClientConnectionImpl.open(ManagedClientConnectionImpl.java:326) ~[httpclient-4.5.3.jar:4.5.3]
	at org.apache.http.impl.client.DefaultRequestDirector.tryConnect(DefaultRequestDirector.java:610) ~[httpclient-4.5.3.jar:4.5.3]
	at org.apache.http.impl.client.DefaultRequestDirector.execute(DefaultRequestDirector.java:445) ~[httpclient-4.5.3.jar:4.5.3]
	at org.apache.http.impl.client.AbstractHttpClient.doExecute(AbstractHttpClient.java:835) ~[httpclient-4.5.3.jar:4.5.3]
	at org.apache.http.impl.client.CloseableHttpClient.execute(CloseableHttpClient.java:83) ~[httpclient-4.5.3.jar:4.5.3]
	at org.apache.http.impl.client.CloseableHttpClient.execute(CloseableHttpClient.java:108) ~[httpclient-4.5.3.jar:4.5.3]
	at org.apache.http.impl.client.CloseableHttpClient.execute(CloseableHttpClient.java:56) ~[httpclient-4.5.3.jar:4.5.3]
	at org.jmeterplugins.repository.JARSourceHTTP.getJSON(JARSourceHTTP.java:105) ~[jmeter-plugins-manager-0.12.jar:?]
	at org.jmeterplugins.repository.JARSourceHTTP.getRepositories(JARSourceHTTP.java:136) ~[jmeter-plugins-manager-0.12.jar:?]
	at org.jmeterplugins.repository.JARSourceHTTP.getRepo(JARSourceHTTP.java:163) ~[jmeter-plugins-manager-0.12.jar:?]
	at org.jmeterplugins.repository.PluginManager.load(PluginManager.java:43) ~[jmeter-plugins-manager-0.12.jar:?]
	at org.jmeterplugins.repository.PluginManagerMenuItem.<init>(PluginManagerMenuItem.java:28) [jmeter-plugins-manager-0.12.jar:?]
	at org.jmeterplugins.repository.PluginManagerMenuCreator.getMenuItemsAtLocation(PluginManagerMenuCreator.java:22) [jmeter-plugins-manager-0.12.jar:?]
	at org.apache.jmeter.gui.util.JMeterMenuBar.addPluginsMenuItems(JMeterMenuBar.java:594) [ApacheJMeter_core.jar:3.2 r1790748]
	at org.apache.jmeter.gui.util.JMeterMenuBar.makeOptionsMenu(JMeterMenuBar.java:370) [ApacheJMeter_core.jar:3.2 r1790748]
	at org.apache.jmeter.gui.util.JMeterMenuBar.createMenuBar(JMeterMenuBar.java:268) [ApacheJMeter_core.jar:3.2 r1790748]
	at org.apache.jmeter.gui.util.JMeterMenuBar.<init>(JMeterMenuBar.java:164) [ApacheJMeter_core.jar:3.2 r1790748]
	at org.apache.jmeter.gui.MainFrame.init(MainFrame.java:510) [ApacheJMeter_core.jar:3.2 r1790748]
	at org.apache.jmeter.gui.MainFrame.<init>(MainFrame.java:240) [ApacheJMeter_core.jar:3.2 r1790748]
	at org.apache.jmeter.JMeter.startGui(JMeter.java:375) [ApacheJMeter_core.jar:3.2.20170512]
	at org.apache.jmeter.JMeter.start(JMeter.java:519) [ApacheJMeter_core.jar:3.2.20170512]
	at sun.reflect.NativeMethodAccessorImpl.invoke0(Native Method) ~[?:1.8.0_131]
	at sun.reflect.NativeMethodAccessorImpl.invoke(Unknown Source) ~[?:1.8.0_131]
	at sun.reflect.DelegatingMethodAccessorImpl.invoke(Unknown Source) ~[?:1.8.0_131]
	at java.lang.reflect.Method.invoke(Unknown Source) ~[?:1.8.0_131]
	at org.apache.jmeter.NewDriver.main(NewDriver.java:248) [ApacheJMeter.jar:3.2.20170512]
2017-07-05 13:40:37,676 INFO o.a.j.g.u.MenuFactory: Skipping org.apache.jmeter.assertions.BSFAssertion
2017-07-05 13:40:38,767 INFO o.a.j.g.u.MenuFactory: Skipping org.apache.jmeter.extractor.BSFPostProcessor
2017-07-05 13:40:38,793 INFO o.a.j.g.u.MenuFactory: Skipping org.apache.jmeter.modifiers.BSFPreProcessor
2017-07-05 13:40:38,827 INFO o.a.j.p.h.s.HTTPSamplerBase: Parser for text/html is org.apache.jmeter.protocol.http.parser.LagartoBasedHtmlParser
2017-07-05 13:40:38,827 INFO o.a.j.p.h.s.HTTPSamplerBase: Parser for application/xhtml+xml is org.apache.jmeter.protocol.http.parser.LagartoBasedHtmlParser
2017-07-05 13:40:38,827 INFO o.a.j.p.h.s.HTTPSamplerBase: Parser for application/xml is org.apache.jmeter.protocol.http.parser.LagartoBasedHtmlParser
2017-07-05 13:40:38,827 INFO o.a.j.p.h.s.HTTPSamplerBase: Parser for text/xml is org.apache.jmeter.protocol.http.parser.LagartoBasedHtmlParser
2017-07-05 13:40:38,827 INFO o.a.j.p.h.s.HTTPSamplerBase: Parser for text/vnd.wap.wml is org.apache.jmeter.protocol.http.parser.RegexpHTMLParser
2017-07-05 13:40:38,827 INFO o.a.j.p.h.s.HTTPSamplerBase: Parser for text/css is org.apache.jmeter.protocol.http.parser.CssParser
2017-07-05 13:40:40,673 INFO o.a.j.e.KeyToolUtils: keytool found at 'keytool'
2017-07-05 13:40:40,674 INFO o.a.j.p.h.p.ProxyControl: HTTP(S) Test Script Recorder SSL Proxy will use keys that support embedded 3rd party resources in file D:\jmeter\jmeter3.2\bin\proxyserver.jks
2017-07-05 13:40:40,901 INFO o.a.j.g.u.MenuFactory: Skipping org.apache.jmeter.protocol.java.sampler.BSFSampler
2017-07-05 13:40:40,929 INFO o.a.j.s.FileServer: Default base='F:\prm-interface'
2017-07-05 13:40:41,014 INFO o.a.j.g.u.MenuFactory: Skipping org.apache.jmeter.protocol.mongodb.config.MongoSourceElement
2017-07-05 13:40:41,015 INFO o.a.j.g.u.MenuFactory: Skipping org.apache.jmeter.protocol.mongodb.sampler.MongoScriptSampler
2017-07-05 13:40:41,395 INFO o.a.j.g.u.MenuFactory: Skipping org.apache.jmeter.timers.BSFTimer
2017-07-05 13:40:41,418 INFO o.a.j.g.u.MenuFactory: Skipping org.apache.jmeter.visualizers.BSFListener
2017-07-05 13:40:41,598 INFO o.a.j.s.SampleResult: Note: Sample TimeStamps are START times
2017-07-05 13:40:41,598 INFO o.a.j.s.SampleResult: sampleresult.default.encoding is set to ISO-8859-1
2017-07-05 13:40:41,598 INFO o.a.j.s.SampleResult: sampleresult.useNanoTime=true
2017-07-05 13:40:41,598 INFO o.a.j.s.SampleResult: sampleresult.nanoThreadSleep=5000
2017-07-05 13:41:23,069 INFO o.a.j.g.a.Load: Loading file: F:\prm-interface\scripts\prm性能测试接口.jmx
2017-07-05 13:41:23,069 INFO o.a.j.s.FileServer: Set new base='F:\prm-interface\scripts'
2017-07-05 13:41:23,226 INFO o.a.j.s.SaveService: Testplan (JMX) version: 2.2. Testlog (JTL) version: 2.2
2017-07-05 13:41:23,243 INFO o.a.j.s.SaveService: Using SaveService properties file encoding UTF-8
2017-07-05 13:41:23,246 INFO o.a.j.s.SaveService: Using SaveService properties version 3.2
2017-07-05 13:41:23,248 INFO o.a.j.s.SaveService: Loading file: F:\prm-interface\scripts\prm性能测试接口.jmx
2017-07-05 13:41:23,724 INFO o.a.j.s.FileServer: Set new base='F:\prm-interface\scripts'
2017-07-05 13:47:03,000 INFO o.a.j.e.StandardJMeterEngine: Running the test!
2017-07-05 13:47:03,002 INFO o.a.j.s.SampleEvent: List of sample_variables: []
2017-07-05 13:47:03,002 INFO o.a.j.s.SampleEvent: List of sample_variables: []
2017-07-05 13:47:03,033 INFO o.a.j.g.u.JMeterMenuBar: setRunning(true, *local*)
2017-07-05 13:47:03,210 INFO o.a.j.e.StandardJMeterEngine: Starting ThreadGroup: 1 : 线程组
2017-07-05 13:47:03,210 INFO o.a.j.e.StandardJMeterEngine: Starting 60 threads for group 线程组.
2017-07-05 13:47:03,211 INFO o.a.j.e.StandardJMeterEngine: Thread will continue on error
2017-07-05 13:47:03,211 INFO o.a.j.t.ThreadGroup: Starting thread group... number=1 threads=60 ramp-up=0 perThread=0.0 delayedStart=false
2017-07-05 13:47:03,231 INFO o.a.j.t.ThreadGroup: Started thread group number 1
2017-07-05 13:47:03,231 INFO o.a.j.e.StandardJMeterEngine: Starting ThreadGroup: 2 : 线程组
2017-07-05 13:47:03,231 INFO o.a.j.e.StandardJMeterEngine: Starting 1 threads for group 线程组.
2017-07-05 13:47:03,232 INFO o.a.j.e.StandardJMeterEngine: Thread will continue on error
2017-07-05 13:47:03,232 INFO o.a.j.t.ThreadGroup: Starting thread group... number=2 threads=1 ramp-up=1 perThread=1000.0 delayedStart=false
2017-07-05 13:47:03,232 INFO o.a.j.t.ThreadGroup: Started thread group number 2
2017-07-05 13:47:03,232 INFO o.a.j.e.StandardJMeterEngine: All thread groups have been started
2017-07-05 13:47:03,242 INFO o.a.j.t.JMeterThread: Thread started: 线程组 2-1
2017-07-05 13:47:03,247 INFO o.a.j.t.JMeterThread: Thread started: 线程组 1-55
2017-07-05 13:47:03,250 INFO o.a.j.s.FileServer: Stored: ../data/用户.csv
2017-07-05 13:47:03,251 INFO o.a.j.t.JMeterThread: Thread is done: 线程组 2-1
2017-07-05 13:47:03,251 INFO o.a.j.t.JMeterThread: Thread finished: 线程组 2-1
2017-07-05 13:47:03,253 INFO o.a.j.t.JMeterThread: Thread started: 线程组 1-26
2017-07-05 13:47:03,253 INFO o.a.j.t.JMeterThread: Thread started: 线程组 1-54
2017-07-05 13:47:03,254 INFO o.a.j.t.JMeterThread: Thread started: 线程组 1-30
2017-07-05 13:47:03,255 INFO o.a.j.t.JMeterThread: Thread started: 线程组 1-18
2017-07-05 13:47:03,255 INFO o.a.j.t.JMeterThread: Thread started: 线程组 1-29
2017-07-05 13:47:03,256 INFO o.a.j.t.JMeterThread: Thread started: 线程组 1-32
2017-07-05 13:47:03,257 INFO o.a.j.t.JMeterThread: Thread started: 线程组 1-58
2017-07-05 13:47:03,258 INFO o.a.j.t.JMeterThread: Thread started: 线程组 1-31
2017-07-05 13:47:03,258 INFO o.a.j.t.JMeterThread: Thread started: 线程组 1-13
2017-07-05 13:47:03,259 INFO o.a.j.t.JMeterThread: Thread started: 线程组 1-33
2017-07-05 13:47:03,260 INFO o.a.j.t.JMeterThread: Thread started: 线程组 1-14
2017-07-05 13:47:03,260 INFO o.a.j.t.JMeterThread: Thread started: 线程组 1-16
2017-07-05 13:47:03,261 INFO o.a.j.t.JMeterThread: Thread started: 线程组 1-34
2017-07-05 13:47:03,261 INFO o.a.j.t.JMeterThread: Thread started: 线程组 1-56
2017-07-05 13:47:03,262 INFO o.a.j.t.JMeterThread: Thread started: 线程组 1-35
2017-07-05 13:47:03,262 INFO o.a.j.t.JMeterThread: Thread started: 线程组 1-37
2017-07-05 13:47:03,263 INFO o.a.j.t.JMeterThread: Thread started: 线程组 1-17
2017-07-05 13:47:03,263 INFO o.a.j.t.JMeterThread: Thread started: 线程组 1-53
2017-07-05 13:47:03,264 INFO o.a.j.t.JMeterThread: Thread started: 线程组 1-36
2017-07-05 13:47:03,264 INFO o.a.j.t.JMeterThread: Thread started: 线程组 1-51
2017-07-05 13:47:03,265 INFO o.a.j.t.JMeterThread: Thread started: 线程组 1-39
2017-07-05 13:47:03,265 INFO o.a.j.t.JMeterThread: Thread started: 线程组 1-38
2017-07-05 13:47:03,266 INFO o.a.j.t.JMeterThread: Thread started: 线程组 1-60
2017-07-05 13:47:03,266 INFO o.a.j.t.JMeterThread: Thread started: 线程组 1-2
2017-07-05 13:47:03,267 INFO o.a.j.t.JMeterThread: Thread started: 线程组 1-40
2017-07-05 13:47:03,267 INFO o.a.j.t.JMeterThread: Thread started: 线程组 1-27
2017-07-05 13:47:03,267 INFO o.a.j.t.JMeterThread: Thread started: 线程组 1-41
2017-07-05 13:47:03,267 INFO o.a.j.t.JMeterThread: Thread started: 线程组 1-15
2017-07-05 13:47:03,268 INFO o.a.j.t.JMeterThread: Thread started: 线程组 1-43
2017-07-05 13:47:03,268 INFO o.a.j.t.JMeterThread: Thread started: 线程组 1-19
2017-07-05 13:47:03,268 INFO o.a.j.t.JMeterThread: Thread started: 线程组 1-8
2017-07-05 13:47:03,268 INFO o.a.j.t.JMeterThread: Thread started: 线程组 1-42
2017-07-05 13:47:03,269 INFO o.a.j.t.JMeterThread: Thread started: 线程组 1-44
2017-07-05 13:47:03,269 INFO o.a.j.t.JMeterThread: Thread started: 线程组 1-59
2017-07-05 13:47:03,269 INFO o.a.j.t.JMeterThread: Thread started: 线程组 1-45
2017-07-05 13:47:03,269 INFO o.a.j.t.JMeterThread: Thread started: 线程组 1-6
2017-07-05 13:47:03,269 INFO o.a.j.t.JMeterThread: Thread started: 线程组 1-46
2017-07-05 13:47:03,269 INFO o.a.j.t.JMeterThread: Thread started: 线程组 1-47
2017-07-05 13:47:03,270 INFO o.a.j.t.JMeterThread: Thread started: 线程组 1-52
2017-07-05 13:47:03,270 INFO o.a.j.t.JMeterThread: Thread started: 线程组 1-48
2017-07-05 13:47:03,271 INFO o.a.j.t.JMeterThread: Thread started: 线程组 1-49
2017-07-05 13:47:03,271 INFO o.a.j.t.JMeterThread: Thread started: 线程组 1-9
2017-07-05 13:47:03,271 INFO o.a.j.t.JMeterThread: Thread started: 线程组 1-20
2017-07-05 13:47:03,272 INFO o.a.j.t.JMeterThread: Thread started: 线程组 1-50
2017-07-05 13:47:03,271 INFO o.a.j.t.JMeterThread: Thread started: 线程组 1-21
2017-07-05 13:47:03,272 INFO o.a.j.t.JMeterThread: Thread started: 线程组 1-5
2017-07-05 13:47:03,272 INFO o.a.j.t.JMeterThread: Thread started: 线程组 1-57
2017-07-05 13:47:03,273 INFO o.a.j.t.JMeterThread: Thread started: 线程组 1-22
2017-07-05 13:47:03,273 INFO o.a.j.t.JMeterThread: Thread started: 线程组 1-11
2017-07-05 13:47:03,274 INFO o.a.j.t.JMeterThread: Thread started: 线程组 1-24
2017-07-05 13:47:03,274 INFO o.a.j.t.JMeterThread: Thread started: 线程组 1-10
2017-07-05 13:47:03,275 INFO o.a.j.t.JMeterThread: Thread started: 线程组 1-1
2017-07-05 13:47:03,275 INFO o.a.j.t.JMeterThread: Thread started: 线程组 1-23
2017-07-05 13:47:03,276 INFO o.a.j.t.JMeterThread: Thread started: 线程组 1-7
2017-07-05 13:47:03,276 INFO o.a.j.t.JMeterThread: Thread started: 线程组 1-4
2017-07-05 13:47:03,277 INFO o.a.j.t.JMeterThread: Thread started: 线程组 1-3
2017-07-05 13:47:03,277 INFO o.a.j.t.JMeterThread: Thread started: 线程组 1-28
2017-07-05 13:47:03,277 INFO o.a.j.t.JMeterThread: Thread started: 线程组 1-25
2017-07-05 13:47:03,279 INFO o.a.j.t.JMeterThread: Thread started: 线程组 1-12
2017-07-05 13:47:03,298 INFO o.a.j.p.h.s.HTTPHCAbstractImpl: Local host = DESKTOP-3NSTGEB
2017-07-05 13:47:03,301 INFO o.a.j.p.h.s.HTTPHC4Impl: HTTP request retry count = 0
2017-07-05 13:47:03,771 INFO o.a.j.s.FileServer: Stored: ../data/intention.csv
2017-07-05 14:15:00,036 INFO o.a.j.t.JMeterThread: Stopping because end time detected by thread: 线程组 1-10
2017-07-05 14:15:00,036 INFO o.a.j.t.JMeterThread: Stopping because end time detected by thread: 线程组 1-28
2017-07-05 14:15:00,039 INFO o.a.j.t.JMeterThread: Thread finished: 线程组 1-10
2017-07-05 14:15:00,040 INFO o.a.j.t.JMeterThread: Thread finished: 线程组 1-28
2017-07-05 15:00:46,631 INFO o.a.j.g.a.Start: Stopping test
2017-07-05 15:00:46,647 INFO o.a.j.t.JMeterThread: Stopping: 线程组 1-29
2017-07-05 15:00:46,648 INFO o.a.j.t.JMeterThread: Stopping: 线程组 1-59
2017-07-05 15:00:46,648 INFO o.a.j.t.JMeterThread: Stopping: 线程组 1-26
2017-07-05 15:00:46,649 INFO o.a.j.t.JMeterThread: Stopping: 线程组 1-11
2017-07-05 15:00:46,649 INFO o.a.j.t.JMeterThread: Stopping: 线程组 1-34
2017-07-05 15:00:46,649 INFO o.a.j.t.JMeterThread: Stopping: 线程组 1-13
2017-07-05 15:00:46,650 INFO o.a.j.t.JMeterThread: Stopping: 线程组 1-1
2017-07-05 15:00:46,650 INFO o.a.j.t.JMeterThread: Stopping: 线程组 1-60
2017-07-05 15:00:46,650 INFO o.a.j.t.JMeterThread: Stopping: 线程组 1-53
2017-07-05 15:00:46,651 INFO o.a.j.t.JMeterThread: Stopping: 线程组 1-40
2017-07-05 15:00:46,651 INFO o.a.j.t.JMeterThread: Stopping: 线程组 1-51
2017-07-05 15:00:46,654 INFO o.a.j.t.JMeterThread: Stopping: 线程组 1-52
2017-07-05 15:00:46,656 INFO o.a.j.t.JMeterThread: Stopping: 线程组 1-8
2017-07-05 15:00:46,656 INFO o.a.j.t.JMeterThread: Stopping: 线程组 1-25
2017-07-05 15:00:46,656 INFO o.a.j.t.JMeterThread: Stopping: 线程组 1-36
2017-07-05 15:00:46,656 INFO o.a.j.t.JMeterThread: Stopping: 线程组 1-30
2017-07-05 15:00:46,658 INFO o.a.j.t.JMeterThread: Stopping: 线程组 1-55
2017-07-05 15:00:46,658 INFO o.a.j.t.JMeterThread: Stopping: 线程组 1-44
2017-07-05 15:00:46,658 INFO o.a.j.t.JMeterThread: Stopping: 线程组 1-45
2017-07-05 15:00:46,658 INFO o.a.j.t.JMeterThread: Stopping: 线程组 1-58
2017-07-05 15:00:46,658 INFO o.a.j.t.JMeterThread: Stopping: 线程组 1-22
2017-07-05 15:00:46,658 INFO o.a.j.t.JMeterThread: Stopping: 线程组 1-46
2017-07-05 15:00:46,658 INFO o.a.j.t.JMeterThread: Stopping: 线程组 1-54
2017-07-05 15:00:46,658 INFO o.a.j.t.JMeterThread: Stopping: 线程组 1-3
2017-07-05 15:00:46,659 INFO o.a.j.t.JMeterThread: Stopping: 线程组 1-18
2017-07-05 15:00:46,659 INFO o.a.j.t.JMeterThread: Stopping: 线程组 1-24
2017-07-05 15:00:46,660 WARN o.a.j.t.JMeterThread: Interrupting: 线程组 1-24 sampler: 报价单详详情
2017-07-05 15:00:46,662 INFO o.a.j.t.JMeterThread: Stopping: 线程组 1-20
2017-07-05 15:00:46,662 INFO o.a.j.t.JMeterThread: Stopping: 线程组 1-17
2017-07-05 15:00:46,662 INFO o.a.j.t.JMeterThread: Stopping: 线程组 1-57
2017-07-05 15:00:46,662 WARN o.a.j.t.JMeterThread: Interrupting: 线程组 1-57 sampler: 报价单详详情
2017-07-05 15:00:46,664 INFO o.a.j.t.JMeterThread: Stopping: 线程组 1-35
2017-07-05 15:00:46,664 INFO o.a.j.t.JMeterThread: Stopping: 线程组 1-56
2017-07-05 15:00:46,664 INFO o.a.j.t.JMeterThread: Stopping: 线程组 1-37
2017-07-05 15:00:46,664 INFO o.a.j.t.JMeterThread: Stopping: 线程组 1-42
2017-07-05 15:00:46,665 INFO o.a.j.t.JMeterThread: Stopping: 线程组 1-27
2017-07-05 15:00:46,665 WARN o.a.j.t.JMeterThread: Interrupting: 线程组 1-27 sampler: 报价单详详情
2017-07-05 15:00:46,665 INFO o.a.j.t.JMeterThread: Stopping: 线程组 1-48
2017-07-05 15:00:46,668 INFO o.a.j.t.JMeterThread: Stopping because end time detected by thread: 线程组 1-53
2017-07-05 15:00:46,669 INFO o.a.j.t.JMeterThread: Thread finished: 线程组 1-53
2017-07-05 15:00:46,669 WARN o.a.j.t.JMeterThread: Interrupting: 线程组 1-48 sampler: 报价单详详情
2017-07-05 15:00:46,671 INFO o.a.j.t.JMeterThread: Stopping: 线程组 1-7
2017-07-05 15:00:46,671 INFO o.a.j.t.JMeterThread: Stopping because end time detected by thread: 线程组 1-60
2017-07-05 15:00:46,671 WARN o.a.j.t.JMeterThread: Interrupting: 线程组 1-7 sampler: 报价单详详情
2017-07-05 15:00:46,671 INFO o.a.j.t.JMeterThread: Thread finished: 线程组 1-60
2017-07-05 15:00:46,671 INFO o.a.j.t.JMeterThread: Stopping because end time detected by thread: 线程组 1-47
2017-07-05 15:00:46,672 INFO o.a.j.t.JMeterThread: Stopping because end time detected by thread: 线程组 1-1
2017-07-05 15:00:46,673 INFO o.a.j.t.JMeterThread: Thread finished: 线程组 1-1
2017-07-05 15:00:46,673 INFO o.a.j.t.JMeterThread: Stopping because end time detected by thread: 线程组 1-26
2017-07-05 15:00:46,672 INFO o.a.j.t.JMeterThread: Stopping: 线程组 1-23
2017-07-05 15:00:46,674 INFO o.a.j.t.JMeterThread: Stopping because end time detected by thread: 线程组 1-21
2017-07-05 15:00:46,674 INFO o.a.j.t.JMeterThread: Stopping because end time detected by thread: 线程组 1-36
2017-07-05 15:00:46,675 INFO o.a.j.t.JMeterThread: Thread finished: 线程组 1-36
2017-07-05 15:00:46,675 INFO o.a.j.t.JMeterThread: Thread finished: 线程组 1-21
2017-07-05 15:00:46,675 INFO o.a.j.t.JMeterThread: Stopping: 线程组 1-6
2017-07-05 15:00:46,675 INFO o.a.j.t.JMeterThread: Thread finished: 线程组 1-26
2017-07-05 15:00:46,676 INFO o.a.j.t.JMeterThread: Thread finished: 线程组 1-47
2017-07-05 15:00:46,676 WARN o.a.j.t.JMeterThread: Interrupting: 线程组 1-6 sampler: 报价单详详情
2017-07-05 15:00:46,677 INFO o.a.j.t.JMeterThread: Stopping because end time detected by thread: 线程组 1-49
2017-07-05 15:00:46,677 INFO o.a.j.t.JMeterThread: Thread finished: 线程组 1-49
2017-07-05 15:00:46,679 INFO o.a.j.t.JMeterThread: Stopping because end time detected by thread: 线程组 1-13
2017-07-05 15:00:46,680 INFO o.a.j.t.JMeterThread: Thread finished: 线程组 1-13
2017-07-05 15:00:46,681 INFO o.a.j.t.JMeterThread: Stopping: 线程组 1-33
2017-07-05 15:00:46,681 INFO o.a.j.t.JMeterThread: Stopping: 线程组 1-16
2017-07-05 15:00:46,681 WARN o.a.j.t.JMeterThread: Interrupting: 线程组 1-16 sampler: 报价单详详情
2017-07-05 15:00:46,682 INFO o.a.j.t.JMeterThread: Stopping because end time detected by thread: 线程组 1-50
2017-07-05 15:00:46,682 INFO o.a.j.t.JMeterThread: Thread finished: 线程组 1-50
2017-07-05 15:00:46,683 INFO o.a.j.t.JMeterThread: Stopping because end time detected by thread: 线程组 1-20
2017-07-05 15:00:46,683 INFO o.a.j.t.JMeterThread: Thread finished: 线程组 1-20
2017-07-05 15:00:46,685 INFO o.a.j.t.JMeterThread: Stopping because end time detected by thread: 线程组 1-58
2017-07-05 15:00:46,685 INFO o.a.j.t.JMeterThread: Stopping because end time detected by thread: 线程组 1-46
2017-07-05 15:00:46,685 INFO o.a.j.t.JMeterThread: Stopping because end time detected by thread: 线程组 1-56
2017-07-05 15:00:46,685 INFO o.a.j.t.JMeterThread: Thread finished: 线程组 1-46
2017-07-05 15:00:46,685 INFO o.a.j.t.JMeterThread: Thread finished: 线程组 1-58
2017-07-05 15:00:46,685 INFO o.a.j.t.JMeterThread: Thread finished: 线程组 1-56
2017-07-05 15:00:46,687 INFO o.a.j.t.JMeterThread: Stopping because end time detected by thread: 线程组 1-34
2017-07-05 15:00:46,687 INFO o.a.j.t.JMeterThread: Thread finished: 线程组 1-34
2017-07-05 15:00:46,694 INFO o.a.j.t.JMeterThread: Stopping because end time detected by thread: 线程组 1-59
2017-07-05 15:00:46,694 INFO o.a.j.t.JMeterThread: Thread finished: 线程组 1-59
2017-07-05 15:00:46,694 INFO o.a.j.t.JMeterThread: Stopping because end time detected by thread: 线程组 1-42
2017-07-05 15:00:46,694 INFO o.a.j.t.JMeterThread: Thread finished: 线程组 1-42
2017-07-05 15:00:46,697 INFO o.a.j.t.JMeterThread: Stopping because end time detected by thread: 线程组 1-39
2017-07-05 15:00:46,697 INFO o.a.j.t.JMeterThread: Stopping because end time detected by thread: 线程组 1-12
2017-07-05 15:00:46,697 INFO o.a.j.t.JMeterThread: Thread finished: 线程组 1-39
2017-07-05 15:00:46,697 INFO o.a.j.t.JMeterThread: Thread finished: 线程组 1-12
2017-07-05 15:00:46,694 INFO o.a.j.t.JMeterThread: Stopping because end time detected by thread: 线程组 1-31
2017-07-05 15:00:46,700 INFO o.a.j.t.JMeterThread: Thread finished: 线程组 1-31
2017-07-05 15:00:46,701 INFO o.a.j.t.JMeterThread: Stopping because end time detected by thread: 线程组 1-57
2017-07-05 15:00:46,701 INFO o.a.j.t.JMeterThread: Thread finished: 线程组 1-57
2017-07-05 15:00:46,702 INFO o.a.j.t.JMeterThread: Stopping because end time detected by thread: 线程组 1-5
2017-07-05 15:00:46,702 INFO o.a.j.t.JMeterThread: Thread finished: 线程组 1-5
2017-07-05 15:00:46,702 INFO o.a.j.t.JMeterThread: Stopping because end time detected by thread: 线程组 1-55
2017-07-05 15:00:46,702 INFO o.a.j.t.JMeterThread: Stopping because end time detected by thread: 线程组 1-14
2017-07-05 15:00:46,703 INFO o.a.j.t.JMeterThread: Stopping: 线程组 1-15
2017-07-05 15:00:46,703 INFO o.a.j.t.JMeterThread: Thread finished: 线程组 1-14
2017-07-05 15:00:46,703 WARN o.a.j.t.JMeterThread: Interrupting: 线程组 1-15 sampler: 报价单详详情
2017-07-05 15:00:46,703 INFO o.a.j.t.JMeterThread: Thread finished: 线程组 1-55
2017-07-05 15:00:46,703 INFO o.a.j.t.JMeterThread: Stopping because end time detected by thread: 线程组 1-43
2017-07-05 15:00:46,704 INFO o.a.j.t.JMeterThread: Thread finished: 线程组 1-43
2017-07-05 15:00:46,706 INFO o.a.j.t.JMeterThread: Stopping because end time detected by thread: 线程组 1-2
2017-07-05 15:00:46,706 INFO o.a.j.t.JMeterThread: Thread finished: 线程组 1-2
2017-07-05 15:00:46,707 INFO o.a.j.t.JMeterThread: Stopping because end time detected by thread: 线程组 1-18
2017-07-05 15:00:46,708 INFO o.a.j.t.JMeterThread: Thread finished: 线程组 1-18
2017-07-05 15:00:46,708 INFO o.a.j.t.JMeterThread: Stopping because end time detected by thread: 线程组 1-54
2017-07-05 15:00:46,709 INFO o.a.j.t.JMeterThread: Thread finished: 线程组 1-54
2017-07-05 15:00:46,710 INFO o.a.j.t.JMeterThread: Stopping because end time detected by thread: 线程组 1-30
2017-07-05 15:00:46,710 INFO o.a.j.t.JMeterThread: Stopping because end time detected by thread: 线程组 1-45
2017-07-05 15:00:46,710 INFO o.a.j.t.JMeterThread: Thread finished: 线程组 1-45
2017-07-05 15:00:46,710 INFO o.a.j.t.JMeterThread: Stopping because end time detected by thread: 线程组 1-44
2017-07-05 15:00:46,710 INFO o.a.j.t.JMeterThread: Thread finished: 线程组 1-30
2017-07-05 15:00:46,711 INFO o.a.j.t.JMeterThread: Stopping because end time detected by thread: 线程组 1-25
2017-07-05 15:00:46,711 INFO o.a.j.t.JMeterThread: Thread finished: 线程组 1-25
2017-07-05 15:00:46,712 INFO o.a.j.t.JMeterThread: Thread finished: 线程组 1-44
2017-07-05 15:00:46,713 INFO o.a.j.t.JMeterThread: Stopping because end time detected by thread: 线程组 1-11
2017-07-05 15:00:46,713 INFO o.a.j.t.JMeterThread: Stopping because end time detected by thread: 线程组 1-41
2017-07-05 15:00:46,713 INFO o.a.j.t.JMeterThread: Thread finished: 线程组 1-11
2017-07-05 15:00:46,713 INFO o.a.j.t.JMeterThread: Thread finished: 线程组 1-41
2017-07-05 15:00:46,713 INFO o.a.j.t.JMeterThread: Stopping because end time detected by thread: 线程组 1-32
2017-07-05 15:00:46,714 INFO o.a.j.t.JMeterThread: Stopping because end time detected by thread: 线程组 1-17
2017-07-05 15:00:46,714 INFO o.a.j.t.JMeterThread: Thread finished: 线程组 1-32
2017-07-05 15:00:46,714 INFO o.a.j.t.JMeterThread: Thread finished: 线程组 1-17
2017-07-05 15:00:46,714 INFO o.a.j.t.JMeterThread: Stopping because end time detected by thread: 线程组 1-9
2017-07-05 15:00:46,715 INFO o.a.j.t.JMeterThread: Thread finished: 线程组 1-9
2017-07-05 15:00:46,718 INFO o.a.j.t.JMeterThread: Stopping because end time detected by thread: 线程组 1-33
2017-07-05 15:00:46,718 INFO o.a.j.t.JMeterThread: Stopping because end time detected by thread: 线程组 1-51
2017-07-05 15:00:46,718 INFO o.a.j.t.JMeterThread: Thread finished: 线程组 1-33
2017-07-05 15:00:46,718 INFO o.a.j.t.JMeterThread: Thread finished: 线程组 1-51
2017-07-05 15:00:46,718 INFO o.a.j.t.JMeterThread: Stopping because end time detected by thread: 线程组 1-27
2017-07-05 15:00:46,718 INFO o.a.j.t.JMeterThread: Stopping because end time detected by thread: 线程组 1-3
2017-07-05 15:00:46,719 INFO o.a.j.t.JMeterThread: Stopping because end time detected by thread: 线程组 1-24
2017-07-05 15:00:46,719 INFO o.a.j.t.JMeterThread: Thread finished: 线程组 1-27
2017-07-05 15:00:46,719 INFO o.a.j.t.JMeterThread: Thread finished: 线程组 1-3
2017-07-05 15:00:46,719 INFO o.a.j.t.JMeterThread: Thread finished: 线程组 1-24
2017-07-05 15:00:46,719 INFO o.a.j.t.JMeterThread: Stopping because end time detected by thread: 线程组 1-8
2017-07-05 15:00:46,719 INFO o.a.j.t.JMeterThread: Stopping because end time detected by thread: 线程组 1-6
2017-07-05 15:00:46,719 INFO o.a.j.t.JMeterThread: Stopping because end time detected by thread: 线程组 1-19
2017-07-05 15:00:46,719 INFO o.a.j.t.JMeterThread: Thread finished: 线程组 1-6
2017-07-05 15:00:46,719 INFO o.a.j.t.JMeterThread: Thread finished: 线程组 1-8
2017-07-05 15:00:46,719 INFO o.a.j.t.JMeterThread: Thread finished: 线程组 1-19
2017-07-05 15:00:46,720 INFO o.a.j.t.JMeterThread: Stopping because end time detected by thread: 线程组 1-48
2017-07-05 15:00:46,721 INFO o.a.j.t.JMeterThread: Thread finished: 线程组 1-48
2017-07-05 15:00:46,721 INFO o.a.j.t.JMeterThread: Stopping because end time detected by thread: 线程组 1-7
2017-07-05 15:00:46,721 INFO o.a.j.t.JMeterThread: Thread finished: 线程组 1-7
2017-07-05 15:00:46,723 INFO o.a.j.t.JMeterThread: Stopping because end time detected by thread: 线程组 1-52
2017-07-05 15:00:46,723 INFO o.a.j.t.JMeterThread: Stopping because end time detected by thread: 线程组 1-23
2017-07-05 15:00:46,724 INFO o.a.j.t.JMeterThread: Stopping because end time detected by thread: 线程组 1-37
2017-07-05 15:00:46,724 INFO o.a.j.t.JMeterThread: Thread finished: 线程组 1-23
2017-07-05 15:00:46,724 INFO o.a.j.t.JMeterThread: Thread finished: 线程组 1-52
2017-07-05 15:00:46,724 INFO o.a.j.t.JMeterThread: Thread finished: 线程组 1-37
2017-07-05 15:00:46,723 INFO o.a.j.t.JMeterThread: Stopping because end time detected by thread: 线程组 1-22
2017-07-05 15:00:46,724 INFO o.a.j.t.JMeterThread: Thread finished: 线程组 1-22
2017-07-05 15:00:46,724 INFO o.a.j.t.JMeterThread: Stopping because end time detected by thread: 线程组 1-40
2017-07-05 15:00:46,725 INFO o.a.j.t.JMeterThread: Thread finished: 线程组 1-40
2017-07-05 15:00:46,725 INFO o.a.j.t.JMeterThread: Stopping because end time detected by thread: 线程组 1-35
2017-07-05 15:00:46,725 INFO o.a.j.t.JMeterThread: Thread finished: 线程组 1-35
2017-07-05 15:00:46,726 INFO o.a.j.t.JMeterThread: Stopping because end time detected by thread: 线程组 1-16
2017-07-05 15:00:46,727 INFO o.a.j.t.JMeterThread: Thread finished: 线程组 1-16
2017-07-05 15:00:46,731 INFO o.a.j.t.JMeterThread: Stopping: 线程组 1-2
2017-07-05 15:00:46,731 INFO o.a.j.t.JMeterThread: Stopping: 线程组 1-38
2017-07-05 15:00:46,732 WARN o.a.j.t.JMeterThread: Interrupting: 线程组 1-38 sampler: 报价单详详情
2017-07-05 15:00:46,732 INFO o.a.j.t.JMeterThread: Stopping because end time detected by thread: 线程组 1-15
2017-07-05 15:00:46,732 INFO o.a.j.t.JMeterThread: Thread finished: 线程组 1-15
2017-07-05 15:00:46,734 INFO o.a.j.t.JMeterThread: Stopping because end time detected by thread: 线程组 1-38
2017-07-05 15:00:46,734 INFO o.a.j.t.JMeterThread: Thread finished: 线程组 1-38
2017-07-05 15:00:46,734 INFO o.a.j.t.JMeterThread: Stopping: 线程组 1-4
2017-07-05 15:00:46,735 WARN o.a.j.t.JMeterThread: Interrupting: 线程组 1-4 sampler: 报价单详详情
2017-07-05 15:00:46,736 INFO o.a.j.t.JMeterThread: Stopping because end time detected by thread: 线程组 1-4
2017-07-05 15:00:46,736 INFO o.a.j.t.JMeterThread: Thread finished: 线程组 1-4
2017-07-05 15:00:46,738 INFO o.a.j.t.JMeterThread: Stopping because end time detected by thread: 线程组 1-29
2017-07-05 15:00:46,738 INFO o.a.j.t.JMeterThread: Thread finished: 线程组 1-29
2017-07-05 15:00:46,739 INFO o.a.j.e.StandardJMeterEngine: Notifying test listeners of end of test
2017-07-05 15:00:46,739 INFO o.a.j.s.FileServer: Close: ../data/intention.csv
2017-07-05 15:00:46,739 INFO o.a.j.s.FileServer: Close: ../data/用户.csv
2017-07-05 15:00:46,740 INFO o.a.j.g.u.JMeterMenuBar: setRunning(false, *local*)
